<?xml version="1.0" encoding="UTF-8"?>
<!-- Generated by org.testng.reporters.JUnitXMLReporter -->
<testsuite hostname="personal" ignored="0" name="Test1" tests="2" failures="1" timestamp="2020-03-15T06:32:44 GMT" time="275.73" errors="0">
  <testcase name="Homepage" time="107.756" classname="MyFramework.OpenHomePage"/>
  <testcase name="Homepage" time="108.602" classname="MyFramework.OpenHomePage">
    <failure type="java.lang.NullPointerException">
      <![CDATA[java.lang.NullPointerException
at resources.base.getScreenshot(base.java:53)
at MyFramework.Listeners.onTestSuccess(Listeners.java:33)
at java.util.ArrayList.forEach(ArrayList.java:1257)
at java.util.concurrent.FutureTask.run(FutureTask.java:266)
at java.util.concurrent.ThreadPoolExecutor.runWorker(ThreadPoolExecutor.java:1149)
at java.util.concurrent.ThreadPoolExecutor$Worker.run(ThreadPoolExecutor.java:624)
at java.lang.Thread.run(Thread.java:748)
... Removed 15 stack frames]]>
    </failure>
  </testcase> <!-- Homepage -->
</testsuite> <!-- Test1 -->
