<?xml version="1.0" encoding="UTF-8"?>
<testng-results skipped="0" failed="0" ignored="0" total="0" passed="0">
  <reporter-output>
  </reporter-output>
  <suite name="Suite" duration-ms="1068" started-at="2020-03-22T17:52:18 GMT" finished-at="2020-03-22T17:52:19 GMT">
    <groups>
      <group name="cucumber">
        <method signature="AbstractTestNGCucumberTests.runScenario(io.cucumber.testng.PickleWrapper, io.cucumber.testng.FeatureWrapper)[pri:0, instance:cucumberOptions.testRunner@2d8f65a4]" name="runScenario" class="io.cucumber.testng.AbstractTestNGCucumberTests"/>
      </group> <!-- cucumber -->
    </groups>
    <test name="Test" duration-ms="1068" started-at="2020-03-22T17:52:18 GMT" finished-at="2020-03-22T17:52:19 GMT">
      <class name="cucumberOptions.testRunner">
        <test-method status="PASS" signature="setUpClass()[pri:0, instance:cucumberOptions.testRunner@2d8f65a4]" name="setUpClass" is-config="true" duration-ms="878" started-at="2020-03-22T17:52:18 GMT" finished-at="2020-03-22T17:52:19 GMT">
          <reporter-output>
          </reporter-output>
        </test-method> <!-- setUpClass -->
        <test-method status="PASS" signature="tearDownClass()[pri:0, instance:cucumberOptions.testRunner@2d8f65a4]" name="tearDownClass" is-config="true" duration-ms="32" started-at="2020-03-22T17:52:19 GMT" finished-at="2020-03-22T17:52:19 GMT">
          <reporter-output>
          </reporter-output>
        </test-method> <!-- tearDownClass -->
      </class> <!-- cucumberOptions.testRunner -->
    </test> <!-- Test -->
  </suite> <!-- Suite -->
</testng-results>
